<?xml version="1.0" encoding="UTF-8"?>
<testsuite xmlns:xsi="http://www.w3.org/2001/XMLSchema-instance" xsi:noNamespaceSchemaLocation="https://maven.apache.org/surefire/maven-surefire-plugin/xsd/surefire-test-report-3.0.xsd" version="3.0" name="TestSuite" time="112.72" tests="35" errors="0" skipped="0" failures="0">
  <properties>
    <property name="java.specification.version" value="21"/>
    <property name="webdriver.chrome.driver" value="D:/SeleniumAutomationProject/BrowserDrivers/ChromeDriver/chromedriver.exe/"/>
    <property name="sun.cpu.isalist" value="amd64"/>
    <property name="sun.jnu.encoding" value="Cp1252"/>
    <property name="java.class.path" value="C:\Users\AISHWARYA R SHINDE\eclipse-workspace\TestAutomation_1\target\test-classes;C:\Users\AISHWARYA R SHINDE\eclipse-workspace\TestAutomation_1\target\classes;C:\Users\AISHWARYA R SHINDE\.m2\repository\org\seleniumhq\selenium\selenium-java\4.19.1\selenium-java-4.19.1.jar;C:\Users\AISHWARYA R SHINDE\.m2\repository\org\seleniumhq\selenium\selenium-api\4.19.1\selenium-api-4.19.1.jar;C:\Users\AISHWARYA R SHINDE\.m2\repository\org\seleniumhq\selenium\selenium-chrome-driver\4.19.1\selenium-chrome-driver-4.19.1.jar;C:\Users\AISHWARYA R SHINDE\.m2\repository\com\google\auto\service\auto-service-annotations\1.1.1\auto-service-annotations-1.1.1.jar;C:\Users\AISHWARYA R SHINDE\.m2\repository\org\seleniumhq\selenium\selenium-chromium-driver\4.19.1\selenium-chromium-driver-4.19.1.jar;C:\Users\AISHWARYA R SHINDE\.m2\repository\org\seleniumhq\selenium\selenium-json\4.19.1\selenium-json-4.19.1.jar;C:\Users\AISHWARYA R SHINDE\.m2\repository\org\seleniumhq\selenium\selenium-manager\4.19.1\selenium-manager-4.19.1.jar;C:\Users\AISHWARYA R SHINDE\.m2\repository\org\seleniumhq\selenium\selenium-devtools-v121\4.19.1\selenium-devtools-v121-4.19.1.jar;C:\Users\AISHWARYA R SHINDE\.m2\repository\org\seleniumhq\selenium\selenium-devtools-v122\4.19.1\selenium-devtools-v122-4.19.1.jar;C:\Users\AISHWARYA R SHINDE\.m2\repository\org\seleniumhq\selenium\selenium-devtools-v123\4.19.1\selenium-devtools-v123-4.19.1.jar;C:\Users\AISHWARYA R SHINDE\.m2\repository\org\seleniumhq\selenium\selenium-devtools-v85\4.19.1\selenium-devtools-v85-4.19.1.jar;C:\Users\AISHWARYA R SHINDE\.m2\repository\org\seleniumhq\selenium\selenium-edge-driver\4.19.1\selenium-edge-driver-4.19.1.jar;C:\Users\AISHWARYA R SHINDE\.m2\repository\org\seleniumhq\selenium\selenium-firefox-driver\4.19.1\selenium-firefox-driver-4.19.1.jar;C:\Users\AISHWARYA R SHINDE\.m2\repository\org\seleniumhq\selenium\selenium-http\4.19.1\selenium-http-4.19.1.jar;C:\Users\AISHWARYA R SHINDE\.m2\repository\dev\failsafe\failsafe\3.3.2\failsafe-3.3.2.jar;C:\Users\AISHWARYA R SHINDE\.m2\repository\org\seleniumhq\selenium\selenium-ie-driver\4.19.1\selenium-ie-driver-4.19.1.jar;C:\Users\AISHWARYA R SHINDE\.m2\repository\org\seleniumhq\selenium\selenium-remote-driver\4.19.1\selenium-remote-driver-4.19.1.jar;C:\Users\AISHWARYA R SHINDE\.m2\repository\com\google\guava\guava\33.1.0-jre\guava-33.1.0-jre.jar;C:\Users\AISHWARYA R SHINDE\.m2\repository\com\google\guava\failureaccess\1.0.2\failureaccess-1.0.2.jar;C:\Users\AISHWARYA R SHINDE\.m2\repository\com\google\guava\listenablefuture\9999.0-empty-to-avoid-conflict-with-guava\listenablefuture-9999.0-empty-to-avoid-conflict-with-guava.jar;C:\Users\AISHWARYA R SHINDE\.m2\repository\com\google\code\findbugs\jsr305\3.0.2\jsr305-3.0.2.jar;C:\Users\AISHWARYA R SHINDE\.m2\repository\org\checkerframework\checker-qual\3.42.0\checker-qual-3.42.0.jar;C:\Users\AISHWARYA R SHINDE\.m2\repository\com\google\errorprone\error_prone_annotations\2.26.1\error_prone_annotations-2.26.1.jar;C:\Users\AISHWARYA R SHINDE\.m2\repository\com\google\j2objc\j2objc-annotations\3.0.0\j2objc-annotations-3.0.0.jar;C:\Users\AISHWARYA R SHINDE\.m2\repository\io\opentelemetry\semconv\opentelemetry-semconv\1.23.1-alpha\opentelemetry-semconv-1.23.1-alpha.jar;C:\Users\AISHWARYA R SHINDE\.m2\repository\io\opentelemetry\opentelemetry-api\1.36.0\opentelemetry-api-1.36.0.jar;C:\Users\AISHWARYA R SHINDE\.m2\repository\io\opentelemetry\opentelemetry-context\1.36.0\opentelemetry-context-1.36.0.jar;C:\Users\AISHWARYA R SHINDE\.m2\repository\io\opentelemetry\opentelemetry-exporter-logging\1.36.0\opentelemetry-exporter-logging-1.36.0.jar;C:\Users\AISHWARYA R SHINDE\.m2\repository\io\opentelemetry\opentelemetry-sdk-common\1.36.0\opentelemetry-sdk-common-1.36.0.jar;C:\Users\AISHWARYA R SHINDE\.m2\repository\io\opentelemetry\opentelemetry-sdk-extension-autoconfigure-spi\1.36.0\opentelemetry-sdk-extension-autoconfigure-spi-1.36.0.jar;C:\Users\AISHWARYA R SHINDE\.m2\repository\io\opentelemetry\opentelemetry-sdk-extension-autoconfigure\1.36.0\opentelemetry-sdk-extension-autoconfigure-1.36.0.jar;C:\Users\AISHWARYA R SHINDE\.m2\repository\io\opentelemetry\opentelemetry-api-events\1.36.0-alpha\opentelemetry-api-events-1.36.0-alpha.jar;C:\Users\AISHWARYA R SHINDE\.m2\repository\io\opentelemetry\opentelemetry-sdk-trace\1.36.0\opentelemetry-sdk-trace-1.36.0.jar;C:\Users\AISHWARYA R SHINDE\.m2\repository\io\opentelemetry\opentelemetry-extension-incubator\1.36.0-alpha\opentelemetry-extension-incubator-1.36.0-alpha.jar;C:\Users\AISHWARYA R SHINDE\.m2\repository\io\opentelemetry\opentelemetry-sdk\1.36.0\opentelemetry-sdk-1.36.0.jar;C:\Users\AISHWARYA R SHINDE\.m2\repository\io\opentelemetry\opentelemetry-sdk-metrics\1.36.0\opentelemetry-sdk-metrics-1.36.0.jar;C:\Users\AISHWARYA R SHINDE\.m2\repository\io\opentelemetry\opentelemetry-sdk-logs\1.36.0\opentelemetry-sdk-logs-1.36.0.jar;C:\Users\AISHWARYA R SHINDE\.m2\repository\net\bytebuddy\byte-buddy\1.14.12\byte-buddy-1.14.12.jar;C:\Users\AISHWARYA R SHINDE\.m2\repository\org\seleniumhq\selenium\selenium-os\4.19.1\selenium-os-4.19.1.jar;C:\Users\AISHWARYA R SHINDE\.m2\repository\org\apache\commons\commons-exec\1.3\commons-exec-1.3.jar;C:\Users\AISHWARYA R SHINDE\.m2\repository\org\seleniumhq\selenium\selenium-safari-driver\4.19.1\selenium-safari-driver-4.19.1.jar;C:\Users\AISHWARYA R SHINDE\.m2\repository\org\seleniumhq\selenium\selenium-support\4.19.1\selenium-support-4.19.1.jar;C:\Users\AISHWARYA R SHINDE\.m2\repository\org\testng\testng\7.10.2\testng-7.10.2.jar;C:\Users\AISHWARYA R SHINDE\.m2\repository\org\slf4j\slf4j-api\1.7.36\slf4j-api-1.7.36.jar;C:\Users\AISHWARYA R SHINDE\.m2\repository\com\beust\jcommander\1.82\jcommander-1.82.jar;C:\Users\AISHWARYA R SHINDE\.m2\repository\org\webjars\jquery\3.7.1\jquery-3.7.1.jar;C:\Users\AISHWARYA R SHINDE\.m2\repository\org\apache\poi\poi\5.2.5\poi-5.2.5.jar;C:\Users\AISHWARYA R SHINDE\.m2\repository\commons-codec\commons-codec\1.16.0\commons-codec-1.16.0.jar;C:\Users\AISHWARYA R SHINDE\.m2\repository\org\apache\commons\commons-collections4\4.4\commons-collections4-4.4.jar;C:\Users\AISHWARYA R SHINDE\.m2\repository\org\apache\commons\commons-math3\3.6.1\commons-math3-3.6.1.jar;C:\Users\AISHWARYA R SHINDE\.m2\repository\commons-io\commons-io\2.15.0\commons-io-2.15.0.jar;C:\Users\AISHWARYA R SHINDE\.m2\repository\com\zaxxer\SparseBitSet\1.3\SparseBitSet-1.3.jar;C:\Users\AISHWARYA R SHINDE\.m2\repository\org\apache\logging\log4j\log4j-api\2.21.1\log4j-api-2.21.1.jar;C:\Users\AISHWARYA R SHINDE\.m2\repository\org\apache\poi\poi-ooxml\5.2.5\poi-ooxml-5.2.5.jar;C:\Users\AISHWARYA R SHINDE\.m2\repository\org\apache\poi\poi-ooxml-lite\5.2.5\poi-ooxml-lite-5.2.5.jar;C:\Users\AISHWARYA R SHINDE\.m2\repository\org\apache\xmlbeans\xmlbeans\5.2.0\xmlbeans-5.2.0.jar;C:\Users\AISHWARYA R SHINDE\.m2\repository\org\apache\commons\commons-compress\1.25.0\commons-compress-1.25.0.jar;C:\Users\AISHWARYA R SHINDE\.m2\repository\com\github\virtuald\curvesapi\1.08\curvesapi-1.08.jar;C:\Users\AISHWARYA R SHINDE\.m2\repository\org\apache\poi\poi-ooxml-schemas\4.1.2\poi-ooxml-schemas-4.1.2.jar;C:\Users\AISHWARYA R SHINDE\.m2\repository\org\apache\poi\poi-scratchpad\5.2.5\poi-scratchpad-5.2.5.jar;C:\Users\AISHWARYA R SHINDE\.m2\repository\org\apache\poi\ooxml-schemas\1.4\ooxml-schemas-1.4.jar;C:\Users\AISHWARYA R SHINDE\.m2\repository\org\apache\poi\openxml4j\1.0-beta\openxml4j-1.0-beta.jar;C:\Users\AISHWARYA R SHINDE\.m2\repository\dom4j\dom4j\1.6.1\dom4j-1.6.1.jar;C:\Users\AISHWARYA R SHINDE\.m2\repository\xml-apis\xml-apis\1.0.b2\xml-apis-1.0.b2.jar;C:\Users\AISHWARYA R SHINDE\.m2\repository\log4j\log4j\1.2.8\log4j-1.2.8.jar;C:\Users\AISHWARYA R SHINDE\.m2\repository\com\titusfortner\selenium-logger\2.3.0\selenium-logger-2.3.0.jar;C:\Users\AISHWARYA R SHINDE\.m2\repository\org\seleniumhq\selenium\selenium-http-jdk-client\4.13.0\selenium-http-jdk-client-4.13.0.jar;C:\Users\AISHWARYA R SHINDE\.m2\repository\org\slf4j\slf4j-nop\2.0.6\slf4j-nop-2.0.6.jar;C:\Users\AISHWARYA R SHINDE\.m2\repository\com\relevantcodes\extentreports\2.41.2\extentreports-2.41.2.jar;C:\Users\AISHWARYA R SHINDE\.m2\repository\org\jsoup\jsoup\1.8.3\jsoup-1.8.3.jar;C:\Users\AISHWARYA R SHINDE\.m2\repository\org\xerial\sqlite-jdbc\3.8.11.1\sqlite-jdbc-3.8.11.1.jar;C:\Users\AISHWARYA R SHINDE\.m2\repository\org\freemarker\freemarker\2.3.23\freemarker-2.3.23.jar;C:\Users\AISHWARYA R SHINDE\.m2\repository\org\mongodb\mongodb-driver\3.0.4\mongodb-driver-3.0.4.jar;C:\Users\AISHWARYA R SHINDE\.m2\repository\org\mongodb\bson\3.0.4\bson-3.0.4.jar;C:\Users\AISHWARYA R SHINDE\.m2\repository\org\mongodb\mongodb-driver-core\3.0.4\mongodb-driver-core-3.0.4.jar;"/>
    <property name="java.vm.vendor" value="Oracle Corporation"/>
    <property name="sun.arch.data.model" value="64"/>
    <property name="user.variant" value=""/>
    <property name="java.vendor.url" value="https://java.oracle.com/"/>
    <property name="user.timezone" value="Asia/Calcutta"/>
    <property name="os.name" value="Windows 11"/>
    <property name="java.vm.specification.version" value="21"/>
    <property name="sun.java.launcher" value="SUN_STANDARD"/>
    <property name="user.country" value="IN"/>
    <property name="sun.boot.library.path" value="C:\Program Files\Java\jdk-21\bin"/>
    <property name="sun.java.command" value="C:\Users\AISHWARYA R SHINDE\AppData\Local\Temp\surefire6012971217899465286\surefirebooter-20240605225207387_3.jar C:\Users\AISHWARYA R SHINDE\AppData\Local\Temp\surefire6012971217899465286 2024-06-05T22-52-06_771-jvmRun1 surefire-20240605225207387_1tmp surefire_0-20240605225207387_2tmp"/>
    <property name="jdk.debug" value="release"/>
    <property name="surefire.test.class.path" value="C:\Users\AISHWARYA R SHINDE\eclipse-workspace\TestAutomation_1\target\test-classes;C:\Users\AISHWARYA R SHINDE\eclipse-workspace\TestAutomation_1\target\classes;C:\Users\AISHWARYA R SHINDE\.m2\repository\org\seleniumhq\selenium\selenium-java\4.19.1\selenium-java-4.19.1.jar;C:\Users\AISHWARYA R SHINDE\.m2\repository\org\seleniumhq\selenium\selenium-api\4.19.1\selenium-api-4.19.1.jar;C:\Users\AISHWARYA R SHINDE\.m2\repository\org\seleniumhq\selenium\selenium-chrome-driver\4.19.1\selenium-chrome-driver-4.19.1.jar;C:\Users\AISHWARYA R SHINDE\.m2\repository\com\google\auto\service\auto-service-annotations\1.1.1\auto-service-annotations-1.1.1.jar;C:\Users\AISHWARYA R SHINDE\.m2\repository\org\seleniumhq\selenium\selenium-chromium-driver\4.19.1\selenium-chromium-driver-4.19.1.jar;C:\Users\AISHWARYA R SHINDE\.m2\repository\org\seleniumhq\selenium\selenium-json\4.19.1\selenium-json-4.19.1.jar;C:\Users\AISHWARYA R SHINDE\.m2\repository\org\seleniumhq\selenium\selenium-manager\4.19.1\selenium-manager-4.19.1.jar;C:\Users\AISHWARYA R SHINDE\.m2\repository\org\seleniumhq\selenium\selenium-devtools-v121\4.19.1\selenium-devtools-v121-4.19.1.jar;C:\Users\AISHWARYA R SHINDE\.m2\repository\org\seleniumhq\selenium\selenium-devtools-v122\4.19.1\selenium-devtools-v122-4.19.1.jar;C:\Users\AISHWARYA R SHINDE\.m2\repository\org\seleniumhq\selenium\selenium-devtools-v123\4.19.1\selenium-devtools-v123-4.19.1.jar;C:\Users\AISHWARYA R SHINDE\.m2\repository\org\seleniumhq\selenium\selenium-devtools-v85\4.19.1\selenium-devtools-v85-4.19.1.jar;C:\Users\AISHWARYA R SHINDE\.m2\repository\org\seleniumhq\selenium\selenium-edge-driver\4.19.1\selenium-edge-driver-4.19.1.jar;C:\Users\AISHWARYA R SHINDE\.m2\repository\org\seleniumhq\selenium\selenium-firefox-driver\4.19.1\selenium-firefox-driver-4.19.1.jar;C:\Users\AISHWARYA R SHINDE\.m2\repository\org\seleniumhq\selenium\selenium-http\4.19.1\selenium-http-4.19.1.jar;C:\Users\AISHWARYA R SHINDE\.m2\repository\dev\failsafe\failsafe\3.3.2\failsafe-3.3.2.jar;C:\Users\AISHWARYA R SHINDE\.m2\repository\org\seleniumhq\selenium\selenium-ie-driver\4.19.1\selenium-ie-driver-4.19.1.jar;C:\Users\AISHWARYA R SHINDE\.m2\repository\org\seleniumhq\selenium\selenium-remote-driver\4.19.1\selenium-remote-driver-4.19.1.jar;C:\Users\AISHWARYA R SHINDE\.m2\repository\com\google\guava\guava\33.1.0-jre\guava-33.1.0-jre.jar;C:\Users\AISHWARYA R SHINDE\.m2\repository\com\google\guava\failureaccess\1.0.2\failureaccess-1.0.2.jar;C:\Users\AISHWARYA R SHINDE\.m2\repository\com\google\guava\listenablefuture\9999.0-empty-to-avoid-conflict-with-guava\listenablefuture-9999.0-empty-to-avoid-conflict-with-guava.jar;C:\Users\AISHWARYA R SHINDE\.m2\repository\com\google\code\findbugs\jsr305\3.0.2\jsr305-3.0.2.jar;C:\Users\AISHWARYA R SHINDE\.m2\repository\org\checkerframework\checker-qual\3.42.0\checker-qual-3.42.0.jar;C:\Users\AISHWARYA R SHINDE\.m2\repository\com\google\errorprone\error_prone_annotations\2.26.1\error_prone_annotations-2.26.1.jar;C:\Users\AISHWARYA R SHINDE\.m2\repository\com\google\j2objc\j2objc-annotations\3.0.0\j2objc-annotations-3.0.0.jar;C:\Users\AISHWARYA R SHINDE\.m2\repository\io\opentelemetry\semconv\opentelemetry-semconv\1.23.1-alpha\opentelemetry-semconv-1.23.1-alpha.jar;C:\Users\AISHWARYA R SHINDE\.m2\repository\io\opentelemetry\opentelemetry-api\1.36.0\opentelemetry-api-1.36.0.jar;C:\Users\AISHWARYA R SHINDE\.m2\repository\io\opentelemetry\opentelemetry-context\1.36.0\opentelemetry-context-1.36.0.jar;C:\Users\AISHWARYA R SHINDE\.m2\repository\io\opentelemetry\opentelemetry-exporter-logging\1.36.0\opentelemetry-exporter-logging-1.36.0.jar;C:\Users\AISHWARYA R SHINDE\.m2\repository\io\opentelemetry\opentelemetry-sdk-common\1.36.0\opentelemetry-sdk-common-1.36.0.jar;C:\Users\AISHWARYA R SHINDE\.m2\repository\io\opentelemetry\opentelemetry-sdk-extension-autoconfigure-spi\1.36.0\opentelemetry-sdk-extension-autoconfigure-spi-1.36.0.jar;C:\Users\AISHWARYA R SHINDE\.m2\repository\io\opentelemetry\opentelemetry-sdk-extension-autoconfigure\1.36.0\opentelemetry-sdk-extension-autoconfigure-1.36.0.jar;C:\Users\AISHWARYA R SHINDE\.m2\repository\io\opentelemetry\opentelemetry-api-events\1.36.0-alpha\opentelemetry-api-events-1.36.0-alpha.jar;C:\Users\AISHWARYA R SHINDE\.m2\repository\io\opentelemetry\opentelemetry-sdk-trace\1.36.0\opentelemetry-sdk-trace-1.36.0.jar;C:\Users\AISHWARYA R SHINDE\.m2\repository\io\opentelemetry\opentelemetry-extension-incubator\1.36.0-alpha\opentelemetry-extension-incubator-1.36.0-alpha.jar;C:\Users\AISHWARYA R SHINDE\.m2\repository\io\opentelemetry\opentelemetry-sdk\1.36.0\opentelemetry-sdk-1.36.0.jar;C:\Users\AISHWARYA R SHINDE\.m2\repository\io\opentelemetry\opentelemetry-sdk-metrics\1.36.0\opentelemetry-sdk-metrics-1.36.0.jar;C:\Users\AISHWARYA R SHINDE\.m2\repository\io\opentelemetry\opentelemetry-sdk-logs\1.36.0\opentelemetry-sdk-logs-1.36.0.jar;C:\Users\AISHWARYA R SHINDE\.m2\repository\net\bytebuddy\byte-buddy\1.14.12\byte-buddy-1.14.12.jar;C:\Users\AISHWARYA R SHINDE\.m2\repository\org\seleniumhq\selenium\selenium-os\4.19.1\selenium-os-4.19.1.jar;C:\Users\AISHWARYA R SHINDE\.m2\repository\org\apache\commons\commons-exec\1.3\commons-exec-1.3.jar;C:\Users\AISHWARYA R SHINDE\.m2\repository\org\seleniumhq\selenium\selenium-safari-driver\4.19.1\selenium-safari-driver-4.19.1.jar;C:\Users\AISHWARYA R SHINDE\.m2\repository\org\seleniumhq\selenium\selenium-support\4.19.1\selenium-support-4.19.1.jar;C:\Users\AISHWARYA R SHINDE\.m2\repository\org\testng\testng\7.10.2\testng-7.10.2.jar;C:\Users\AISHWARYA R SHINDE\.m2\repository\org\slf4j\slf4j-api\1.7.36\slf4j-api-1.7.36.jar;C:\Users\AISHWARYA R SHINDE\.m2\repository\com\beust\jcommander\1.82\jcommander-1.82.jar;C:\Users\AISHWARYA R SHINDE\.m2\repository\org\webjars\jquery\3.7.1\jquery-3.7.1.jar;C:\Users\AISHWARYA R SHINDE\.m2\repository\org\apache\poi\poi\5.2.5\poi-5.2.5.jar;C:\Users\AISHWARYA R SHINDE\.m2\repository\commons-codec\commons-codec\1.16.0\commons-codec-1.16.0.jar;C:\Users\AISHWARYA R SHINDE\.m2\repository\org\apache\commons\commons-collections4\4.4\commons-collections4-4.4.jar;C:\Users\AISHWARYA R SHINDE\.m2\repository\org\apache\commons\commons-math3\3.6.1\commons-math3-3.6.1.jar;C:\Users\AISHWARYA R SHINDE\.m2\repository\commons-io\commons-io\2.15.0\commons-io-2.15.0.jar;C:\Users\AISHWARYA R SHINDE\.m2\repository\com\zaxxer\SparseBitSet\1.3\SparseBitSet-1.3.jar;C:\Users\AISHWARYA R SHINDE\.m2\repository\org\apache\logging\log4j\log4j-api\2.21.1\log4j-api-2.21.1.jar;C:\Users\AISHWARYA R SHINDE\.m2\repository\org\apache\poi\poi-ooxml\5.2.5\poi-ooxml-5.2.5.jar;C:\Users\AISHWARYA R SHINDE\.m2\repository\org\apache\poi\poi-ooxml-lite\5.2.5\poi-ooxml-lite-5.2.5.jar;C:\Users\AISHWARYA R SHINDE\.m2\repository\org\apache\xmlbeans\xmlbeans\5.2.0\xmlbeans-5.2.0.jar;C:\Users\AISHWARYA R SHINDE\.m2\repository\org\apache\commons\commons-compress\1.25.0\commons-compress-1.25.0.jar;C:\Users\AISHWARYA R SHINDE\.m2\repository\com\github\virtuald\curvesapi\1.08\curvesapi-1.08.jar;C:\Users\AISHWARYA R SHINDE\.m2\repository\org\apache\poi\poi-ooxml-schemas\4.1.2\poi-ooxml-schemas-4.1.2.jar;C:\Users\AISHWARYA R SHINDE\.m2\repository\org\apache\poi\poi-scratchpad\5.2.5\poi-scratchpad-5.2.5.jar;C:\Users\AISHWARYA R SHINDE\.m2\repository\org\apache\poi\ooxml-schemas\1.4\ooxml-schemas-1.4.jar;C:\Users\AISHWARYA R SHINDE\.m2\repository\org\apache\poi\openxml4j\1.0-beta\openxml4j-1.0-beta.jar;C:\Users\AISHWARYA R SHINDE\.m2\repository\dom4j\dom4j\1.6.1\dom4j-1.6.1.jar;C:\Users\AISHWARYA R SHINDE\.m2\repository\xml-apis\xml-apis\1.0.b2\xml-apis-1.0.b2.jar;C:\Users\AISHWARYA R SHINDE\.m2\repository\log4j\log4j\1.2.8\log4j-1.2.8.jar;C:\Users\AISHWARYA R SHINDE\.m2\repository\com\titusfortner\selenium-logger\2.3.0\selenium-logger-2.3.0.jar;C:\Users\AISHWARYA R SHINDE\.m2\repository\org\seleniumhq\selenium\selenium-http-jdk-client\4.13.0\selenium-http-jdk-client-4.13.0.jar;C:\Users\AISHWARYA R SHINDE\.m2\repository\org\slf4j\slf4j-nop\2.0.6\slf4j-nop-2.0.6.jar;C:\Users\AISHWARYA R SHINDE\.m2\repository\com\relevantcodes\extentreports\2.41.2\extentreports-2.41.2.jar;C:\Users\AISHWARYA R SHINDE\.m2\repository\org\jsoup\jsoup\1.8.3\jsoup-1.8.3.jar;C:\Users\AISHWARYA R SHINDE\.m2\repository\org\xerial\sqlite-jdbc\3.8.11.1\sqlite-jdbc-3.8.11.1.jar;C:\Users\AISHWARYA R SHINDE\.m2\repository\org\freemarker\freemarker\2.3.23\freemarker-2.3.23.jar;C:\Users\AISHWARYA R SHINDE\.m2\repository\org\mongodb\mongodb-driver\3.0.4\mongodb-driver-3.0.4.jar;C:\Users\AISHWARYA R SHINDE\.m2\repository\org\mongodb\bson\3.0.4\bson-3.0.4.jar;C:\Users\AISHWARYA R SHINDE\.m2\repository\org\mongodb\mongodb-driver-core\3.0.4\mongodb-driver-core-3.0.4.jar;"/>
    <property name="sun.cpu.endian" value="little"/>
    <property name="user.home" value="C:\Users\AISHWARYA R SHINDE"/>
    <property name="user.language" value="en"/>
    <property name="java.specification.vendor" value="Oracle Corporation"/>
    <property name="java.version.date" value="2024-04-16"/>
    <property name="java.home" value="C:\Program Files\Java\jdk-21"/>
    <property name="file.separator" value="\"/>
    <property name="basedir" value="C:\Users\AISHWARYA R SHINDE\eclipse-workspace\TestAutomation_1"/>
    <property name="java.vm.compressedOopsMode" value="32-bit"/>
    <property name="line.separator" value="&#10;"/>
    <property name="java.vm.specification.vendor" value="Oracle Corporation"/>
    <property name="java.specification.name" value="Java Platform API Specification"/>
    <property name="surefire.real.class.path" value="C:\Users\AISHWARYA R SHINDE\AppData\Local\Temp\surefire6012971217899465286\surefirebooter-20240605225207387_3.jar"/>
    <property name="user.script" value=""/>
    <property name="sun.management.compiler" value="HotSpot 64-Bit Tiered Compilers"/>
    <property name="java.runtime.version" value="21.0.3+7-LTS-152"/>
    <property name="user.name" value="AISHWARYA R SHINDE"/>
    <property name="stdout.encoding" value="Cp1252"/>
    <property name="path.separator" value=";"/>
    <property name="os.version" value="10.0"/>
    <property name="java.runtime.name" value="Java(TM) SE Runtime Environment"/>
    <property name="file.encoding" value="UTF-8"/>
    <property name="java.vm.name" value="Java HotSpot(TM) 64-Bit Server VM"/>
    <property name="localRepository" value="C:\Users\AISHWARYA R SHINDE\.m2\repository"/>
    <property name="java.vendor.url.bug" value="https://bugreport.java.com/bugreport/"/>
    <property name="java.io.tmpdir" value="C:\Users\AISHWA~1\AppData\Local\Temp\"/>
    <property name="java.version" value="21.0.3"/>
    <property name="user.dir" value="C:\Users\AISHWARYA R SHINDE\eclipse-workspace\TestAutomation_1"/>
    <property name="os.arch" value="amd64"/>
    <property name="java.vm.specification.name" value="Java Virtual Machine Specification"/>
    <property name="sun.os.patch.level" value=""/>
    <property name="native.encoding" value="Cp1252"/>
    <property name="java.library.path" value="C:\Program Files\Java\jdk-21\bin;C:\WINDOWS\Sun\Java\bin;C:\WINDOWS\system32;C:\WINDOWS;C:\Users\AISHWARYA R SHINDE\.jenkins\tools\hudson.tasks.Maven_MavenInstallation\MAVEN_TEST/bin;C:\Program Files\Common Files\Oracle\Java\javapath;C:\Program Files (x86)\Common Files\Oracle\Java\javapath;C:\Windows\system32;C:\Windows;C:\Windows\System32\Wbem;C:\Windows\System32\WindowsPowerShell\v1.0\;C:\Windows\System32\OpenSSH\;C:\Program Files (x86)\NVIDIA Corporation\PhysX\Common;C:\Program Files\NVIDIA Corporation\NVIDIA NvDLISR;C:\Program Files\dotnet\;C:\WINDOWS\system32;C:\WINDOWS;C:\WINDOWS\System32\Wbem;C:\WINDOWS\System32\WindowsPowerShell\v1.0\;C:\WINDOWS\System32\OpenSSH\;C:\Program Files\Java\jdk-11.0.16.1\bin;C:\Program Files\Maven\apache-maven-3.9.0\bin;C:\Program Files\Git\cmd;C:\Program Files\MySQL\MySQL Shell 8.0\bin\;C:\Users\AISHWARYA R SHINDE\AppData\Local\Microsoft\WindowsApps;C:\Program Files\Maven\apache-maven-3.9.0\bin;C:\Program Files\Java\jdk-11.0.16.1\bin;;."/>
    <property name="java.vm.info" value="mixed mode, sharing"/>
    <property name="stderr.encoding" value="Cp1252"/>
    <property name="java.vendor" value="Oracle Corporation"/>
    <property name="java.vm.version" value="21.0.3+7-LTS-152"/>
    <property name="sun.io.unicode.encoding" value="UnicodeLittle"/>
    <property name="java.class.version" value="65.0"/>
  </properties>
  <testcase name="validatecartTitleTest" classname="com.qa.testcases.CartPageTest" time="0.037">
    <system-out><![CDATA[***************Login Successful*****************
Added Product to Cart --> Sauce Labs Backpack
Total number of products in cart : 1
Added Product to Cart --> Sauce Labs Bike Light
Total number of products in cart : 2
Added Product to Cart --> Sauce Labs Bolt T-Shirt
Total number of products in cart : 3
Added Product to Cart --> Sauce Labs Fleece Jacket
Total number of products in cart : 4
Added Product to Cart --> Sauce Labs Onesie
Total number of products in cart : 5
***************Products added to Cart*****************
]]></system-out>
    <system-err><![CDATA[SLF4J: Failed to load class "org.slf4j.impl.StaticLoggerBinder".
SLF4J: Defaulting to no-operation (NOP) logger implementation
SLF4J: See http://www.slf4j.org/codes.html#StaticLoggerBinder for further details.
Jun 05, 2024 10:52:10 PM org.openqa.selenium.devtools.CdpVersionFinder findNearestMatch
WARNING: Unable to find an exact match for CDP version 125, returning the closest version; found: 123; Please update to a Selenium version that supports CDP version 125
]]></system-err>
  </testcase>
  <testcase name="validatecontinueShoppingbtnTest" classname="com.qa.testcases.CartPageTest" time="0.207">
    <system-out><![CDATA[***************Login Successful*****************
Added Product to Cart --> Sauce Labs Backpack
Total number of products in cart : 1
Added Product to Cart --> Sauce Labs Bike Light
Total number of products in cart : 2
Added Product to Cart --> Sauce Labs Bolt T-Shirt
Total number of products in cart : 3
Added Product to Cart --> Sauce Labs Fleece Jacket
Total number of products in cart : 4
Added Product to Cart --> Sauce Labs Onesie
Total number of products in cart : 5
***************Products added to Cart*****************
]]></system-out>
    <system-err><![CDATA[Jun 05, 2024 10:52:13 PM org.openqa.selenium.devtools.CdpVersionFinder findNearestMatch
WARNING: Unable to find an exact match for CDP version 125, returning the closest version; found: 123; Please update to a Selenium version that supports CDP version 125
org.openqa.selenium.StaleElementReferenceException: stale element reference: stale element not found in the current frame
  (Session info: chrome=125.0.6422.142)
For documentation on this error, please visit: https://www.selenium.dev/documentation/webdriver/troubleshooting/errors#stale-element-reference-exception
Build info: version: '4.19.1', revision: 'abe0ee07dc'
System info: os.name: 'Windows 11', os.arch: 'amd64', os.version: '10.0', java.version: '21.0.3'
Driver info: org.openqa.selenium.chrome.ChromeDriver
Command: [f2b8649a2a121e474cea83208182b264, getElementText {id=f.43B22B266B9B5D8CAD16CB2CD63ED9EA.d.250E9D21852ACE47265D82C047FB741C.e.42}]
Capabilities {acceptInsecureCerts: false, browserName: chrome, browserVersion: 125.0.6422.142, chrome: {chromedriverVersion: 125.0.6422.78 (14db42ec38ad..., userDataDir: C:\Users\AISHWA~1\AppData\L...}, fedcm:accounts: true, goog:chromeOptions: {debuggerAddress: localhost:57571}, networkConnectionEnabled: false, pageLoadStrategy: normal, platformName: windows, proxy: Proxy(), se:cdp: ws://localhost:57571/devtoo..., se:cdpVersion: 125.0.6422.142, setWindowRect: true, strictFileInteractability: false, timeouts: {implicit: 0, pageLoad: 300000, script: 30000}, unhandledPromptBehavior: dismiss and notify, webauthn:extension:credBlob: true, webauthn:extension:largeBlob: true, webauthn:extension:minPinLength: true, webauthn:extension:prf: true, webauthn:virtualAuthenticators: true}
Element: [[ChromeDriver: chrome on windows (f2b8649a2a121e474cea83208182b264)] -> xpath: //div[@class='inventory_item_name']]
Session ID: f2b8649a2a121e474cea83208182b264
	at java.base/jdk.internal.reflect.DirectConstructorHandleAccessor.newInstance(DirectConstructorHandleAccessor.java:62)
	at java.base/java.lang.reflect.Constructor.newInstanceWithCaller(Constructor.java:502)
	at java.base/java.lang.reflect.Constructor.newInstance(Constructor.java:486)
	at org.openqa.selenium.remote.ErrorCodec.decode(ErrorCodec.java:167)
	at org.openqa.selenium.remote.codec.w3c.W3CHttpResponseCodec.decode(W3CHttpResponseCodec.java:138)
	at org.openqa.selenium.remote.codec.w3c.W3CHttpResponseCodec.decode(W3CHttpResponseCodec.java:50)
	at org.openqa.selenium.remote.HttpCommandExecutor.execute(HttpCommandExecutor.java:190)
	at org.openqa.selenium.remote.service.DriverCommandExecutor.invokeExecute(DriverCommandExecutor.java:216)
	at org.openqa.selenium.remote.service.DriverCommandExecutor.execute(DriverCommandExecutor.java:174)
	at org.openqa.selenium.remote.RemoteWebDriver.execute(RemoteWebDriver.java:518)
	at org.openqa.selenium.remote.RemoteWebElement.execute(RemoteWebElement.java:223)
	at org.openqa.selenium.remote.RemoteWebElement.getText(RemoteWebElement.java:191)
	at com.qa.pages.CartPage.validatecontinueShoppingbtn(CartPage.java:57)
	at com.qa.testcases.CartPageTest.validatecontinueShoppingbtnTest(CartPageTest.java:41)
	at java.base/jdk.internal.reflect.DirectMethodHandleAccessor.invoke(DirectMethodHandleAccessor.java:103)
	at java.base/java.lang.reflect.Method.invoke(Method.java:580)
	at org.testng.internal.invokers.MethodInvocationHelper.invokeMethod(MethodInvocationHelper.java:141)
	at org.testng.internal.invokers.TestInvoker.invokeMethod(TestInvoker.java:686)
	at org.testng.internal.invokers.TestInvoker.invokeTestMethod(TestInvoker.java:230)
	at org.testng.internal.invokers.MethodRunner.runInSequence(MethodRunner.java:63)
	at org.testng.internal.invokers.TestInvoker$MethodInvocationAgent.invoke(TestInvoker.java:992)
	at org.testng.internal.invokers.TestInvoker.invokeTestMethods(TestInvoker.java:203)
	at org.testng.internal.invokers.TestMethodWorker.invokeTestMethods(TestMethodWorker.java:154)
	at org.testng.internal.invokers.TestMethodWorker.run(TestMethodWorker.java:134)
	at java.base/java.util.ArrayList.forEach(ArrayList.java:1596)
	at org.testng.TestRunner.privateRun(TestRunner.java:739)
	at org.testng.TestRunner.run(TestRunner.java:614)
	at org.testng.SuiteRunner.runTest(SuiteRunner.java:421)
	at org.testng.SuiteRunner.runSequentially(SuiteRunner.java:413)
	at org.testng.SuiteRunner.privateRun(SuiteRunner.java:373)
	at org.testng.SuiteRunner.run(SuiteRunner.java:312)
	at org.testng.SuiteRunnerWorker.runSuite(SuiteRunnerWorker.java:52)
	at org.testng.SuiteRunnerWorker.run(SuiteRunnerWorker.java:95)
	at org.testng.TestNG.runSuitesSequentially(TestNG.java:1274)
	at org.testng.TestNG.runSuitesLocally(TestNG.java:1208)
	at org.testng.TestNG.runSuites(TestNG.java:1112)
	at org.testng.TestNG.run(TestNG.java:1079)
	at org.apache.maven.surefire.testng.TestNGExecutor.run(TestNGExecutor.java:155)
	at org.apache.maven.surefire.testng.TestNGDirectoryTestSuite.executeMulti(TestNGDirectoryTestSuite.java:169)
	at org.apache.maven.surefire.testng.TestNGDirectoryTestSuite.execute(TestNGDirectoryTestSuite.java:88)
	at org.apache.maven.surefire.testng.TestNGProvider.invoke(TestNGProvider.java:137)
	at org.apache.maven.surefire.booter.ForkedBooter.runSuitesInProcess(ForkedBooter.java:385)
	at org.apache.maven.surefire.booter.ForkedBooter.execute(ForkedBooter.java:162)
	at org.apache.maven.surefire.booter.ForkedBooter.run(ForkedBooter.java:507)
	at org.apache.maven.surefire.booter.ForkedBooter.main(ForkedBooter.java:495)
]]></system-err>
  </testcase>
  <testcase name="validateremovebtnTest" classname="com.qa.testcases.CartPageTest" time="0.281">
    <system-out><![CDATA[***************Login Successful*****************
Added Product to Cart --> Sauce Labs Backpack
Total number of products in cart : 1
Added Product to Cart --> Sauce Labs Bike Light
Total number of products in cart : 2
Added Product to Cart --> Sauce Labs Bolt T-Shirt
Total number of products in cart : 3
Added Product to Cart --> Sauce Labs Fleece Jacket
Total number of products in cart : 4
Added Product to Cart --> Sauce Labs Onesie
Total number of products in cart : 5
***************Products added to Cart*****************
Number of products in cart before removing : 5
Number of products in cart after removing : 4
Removed Product --> Sauce Labs Bolt T-Shirt
]]></system-out>
    <system-err><![CDATA[Jun 05, 2024 10:52:17 PM org.openqa.selenium.devtools.CdpVersionFinder findNearestMatch
WARNING: Unable to find an exact match for CDP version 125, returning the closest version; found: 123; Please update to a Selenium version that supports CDP version 125
]]></system-err>
  </testcase>
  <testcase name="checkOutPageTitleTest" classname="com.qa.testcases.CheckOutPageTest" time="0.032">
    <system-out><![CDATA[***************Login Successful*****************
Added Product to Cart --> Sauce Labs Backpack
Total number of products in cart : 1
Added Product to Cart --> Sauce Labs Bike Light
Total number of products in cart : 2
Added Product to Cart --> Sauce Labs Bolt T-Shirt
Total number of products in cart : 3
Added Product to Cart --> Sauce Labs Fleece Jacket
Total number of products in cart : 4
Added Product to Cart --> Sauce Labs Onesie
Total number of products in cart : 5
***************Products added to Cart*****************
]]></system-out>
    <system-err><![CDATA[Jun 05, 2024 10:52:20 PM org.openqa.selenium.devtools.CdpVersionFinder findNearestMatch
WARNING: Unable to find an exact match for CDP version 125, returning the closest version; found: 123; Please update to a Selenium version that supports CDP version 125
]]></system-err>
  </testcase>
  <testcase name="validatecheckOutcancelBtnTest" classname="com.qa.testcases.CheckOutPageTest" time="0.07">
    <system-out><![CDATA[***************Login Successful*****************
Added Product to Cart --> Sauce Labs Backpack
Total number of products in cart : 1
Added Product to Cart --> Sauce Labs Bike Light
Total number of products in cart : 2
Added Product to Cart --> Sauce Labs Bolt T-Shirt
Total number of products in cart : 3
Added Product to Cart --> Sauce Labs Fleece Jacket
Total number of products in cart : 4
Added Product to Cart --> Sauce Labs Onesie
Total number of products in cart : 5
***************Products added to Cart*****************
]]></system-out>
    <system-err><![CDATA[Jun 05, 2024 10:52:23 PM org.openqa.selenium.devtools.CdpVersionFinder findNearestMatch
WARNING: Unable to find an exact match for CDP version 125, returning the closest version; found: 123; Please update to a Selenium version that supports CDP version 125
]]></system-err>
  </testcase>
  <testcase name="validatcheckOutDetailTest" classname="com.qa.testcases.CheckOutPageTest" time="0.615">
    <system-out><![CDATA[***************Login Successful*****************
Added Product to Cart --> Sauce Labs Backpack
Total number of products in cart : 1
Added Product to Cart --> Sauce Labs Bike Light
Total number of products in cart : 2
Added Product to Cart --> Sauce Labs Bolt T-Shirt
Total number of products in cart : 3
Added Product to Cart --> Sauce Labs Fleece Jacket
Total number of products in cart : 4
Added Product to Cart --> Sauce Labs Onesie
Total number of products in cart : 5
***************Products added to Cart*****************
***************Shipping Details Submitted*****************
]]></system-out>
    <system-err><![CDATA[Jun 05, 2024 10:52:26 PM org.openqa.selenium.devtools.CdpVersionFinder findNearestMatch
WARNING: Unable to find an exact match for CDP version 125, returning the closest version; found: 123; Please update to a Selenium version that supports CDP version 125
]]></system-err>
  </testcase>
  <testcase name="validatcheckOutDetailsTest[Tom, Smith, 411001.0](1)" classname="com.qa.testcases.CheckOutPageTest" time="0.755">
    <system-out><![CDATA[***************Login Successful*****************
Added Product to Cart --> Sauce Labs Backpack
Total number of products in cart : 1
Added Product to Cart --> Sauce Labs Bike Light
Total number of products in cart : 2
Added Product to Cart --> Sauce Labs Bolt T-Shirt
Total number of products in cart : 3
Added Product to Cart --> Sauce Labs Fleece Jacket
Total number of products in cart : 4
Added Product to Cart --> Sauce Labs Onesie
Total number of products in cart : 5
***************Products added to Cart*****************
***************Shipping Details Submitted*****************
]]></system-out>
    <system-err><![CDATA[ERROR StatusLogger Log4j2 could not find a logging implementation. Please add log4j-core to the classpath. Using SimpleLogger to log to the console...
Jun 05, 2024 10:52:32 PM org.openqa.selenium.devtools.CdpVersionFinder findNearestMatch
WARNING: Unable to find an exact match for CDP version 125, returning the closest version; found: 123; Please update to a Selenium version that supports CDP version 125
]]></system-err>
  </testcase>
  <testcase name="validatcheckOutDetailsTest[Jack, Brown, 411002.0](2)" classname="com.qa.testcases.CheckOutPageTest" time="0.691">
    <system-out><![CDATA[***************Login Successful*****************
Added Product to Cart --> Sauce Labs Backpack
Total number of products in cart : 1
Added Product to Cart --> Sauce Labs Bike Light
Total number of products in cart : 2
Added Product to Cart --> Sauce Labs Bolt T-Shirt
Total number of products in cart : 3
Added Product to Cart --> Sauce Labs Fleece Jacket
Total number of products in cart : 4
Added Product to Cart --> Sauce Labs Onesie
Total number of products in cart : 5
***************Products added to Cart*****************
***************Shipping Details Submitted*****************
]]></system-out>
    <system-err><![CDATA[Jun 05, 2024 10:52:36 PM org.openqa.selenium.devtools.CdpVersionFinder findNearestMatch
WARNING: Unable to find an exact match for CDP version 125, returning the closest version; found: 123; Please update to a Selenium version that supports CDP version 125
]]></system-err>
  </testcase>
  <testcase name="validatcheckOutDetailsTest[Nick, Williams, 411003.0](3)" classname="com.qa.testcases.CheckOutPageTest" time="0.579">
    <system-out><![CDATA[***************Login Successful*****************
Added Product to Cart --> Sauce Labs Backpack
Total number of products in cart : 1
Added Product to Cart --> Sauce Labs Bike Light
Total number of products in cart : 2
Added Product to Cart --> Sauce Labs Bolt T-Shirt
Total number of products in cart : 3
Added Product to Cart --> Sauce Labs Fleece Jacket
Total number of products in cart : 4
Added Product to Cart --> Sauce Labs Onesie
Total number of products in cart : 5
***************Products added to Cart*****************
***************Shipping Details Submitted*****************
]]></system-out>
    <system-err><![CDATA[Jun 05, 2024 10:52:40 PM org.openqa.selenium.devtools.CdpVersionFinder findNearestMatch
WARNING: Unable to find an exact match for CDP version 125, returning the closest version; found: 123; Please update to a Selenium version that supports CDP version 125
]]></system-err>
  </testcase>
  <testcase name="validatcheckOutDetailsTest[Jordan, Davis, 411004.0](4)" classname="com.qa.testcases.CheckOutPageTest" time="0.567">
    <system-out><![CDATA[***************Login Successful*****************
Added Product to Cart --> Sauce Labs Backpack
Total number of products in cart : 1
Added Product to Cart --> Sauce Labs Bike Light
Total number of products in cart : 2
Added Product to Cart --> Sauce Labs Bolt T-Shirt
Total number of products in cart : 3
Added Product to Cart --> Sauce Labs Fleece Jacket
Total number of products in cart : 4
Added Product to Cart --> Sauce Labs Onesie
Total number of products in cart : 5
***************Products added to Cart*****************
***************Shipping Details Submitted*****************
]]></system-out>
    <system-err><![CDATA[Jun 05, 2024 10:52:44 PM org.openqa.selenium.devtools.CdpVersionFinder findNearestMatch
WARNING: Unable to find an exact match for CDP version 125, returning the closest version; found: 123; Please update to a Selenium version that supports CDP version 125
]]></system-err>
  </testcase>
  <testcase name="validateHomePageLogoTest" classname="com.qa.testcases.HomePageTest" time="0.034">
    <system-out><![CDATA[***************Login Successful*****************
]]></system-out>
    <system-err><![CDATA[Jun 05, 2024 10:52:48 PM org.openqa.selenium.devtools.CdpVersionFinder findNearestMatch
WARNING: Unable to find an exact match for CDP version 125, returning the closest version; found: 123; Please update to a Selenium version that supports CDP version 125
]]></system-err>
  </testcase>
  <testcase name="validateHomePageTotalProductsTest" classname="com.qa.testcases.HomePageTest" time="0.008">
    <system-out><![CDATA[***************Login Successful*****************
Total number of products --> 6
]]></system-out>
    <system-err><![CDATA[Jun 05, 2024 10:52:50 PM org.openqa.selenium.devtools.CdpVersionFinder findNearestMatch
WARNING: Unable to find an exact match for CDP version 125, returning the closest version; found: 123; Please update to a Selenium version that supports CDP version 125
]]></system-err>
  </testcase>
  <testcase name="validateShoppingCartIconTest" classname="com.qa.testcases.HomePageTest" time="0.049">
    <system-out><![CDATA[***************Login Successful*****************
]]></system-out>
    <system-err><![CDATA[Jun 05, 2024 10:52:52 PM org.openqa.selenium.devtools.CdpVersionFinder findNearestMatch
WARNING: Unable to find an exact match for CDP version 125, returning the closest version; found: 123; Please update to a Selenium version that supports CDP version 125
]]></system-err>
  </testcase>
  <testcase name="validateProductsNamesTest" classname="com.qa.testcases.HomePageTest" time="0.093">
    <system-out><![CDATA[***************Login Successful*****************
List of all products on HomePage --> 
Product Name : Sauce Labs Backpack
Product Name : Sauce Labs Bike Light
Product Name : Sauce Labs Bolt T-Shirt
Product Name : Sauce Labs Fleece Jacket
Product Name : Sauce Labs Onesie
Product Name : Test.allTheThings() T-Shirt (Red)
]]></system-out>
    <system-err><![CDATA[Jun 05, 2024 10:52:54 PM org.openqa.selenium.devtools.CdpVersionFinder findNearestMatch
WARNING: Unable to find an exact match for CDP version 125, returning the closest version; found: 123; Please update to a Selenium version that supports CDP version 125
]]></system-err>
  </testcase>
  <testcase name="validateFilterDropdownTest" classname="com.qa.testcases.HomePageTest" time="0.156">
    <system-out><![CDATA[***************Login Successful*****************
]]></system-out>
    <system-err><![CDATA[Jun 05, 2024 10:52:57 PM org.openqa.selenium.devtools.CdpVersionFinder findNearestMatch
WARNING: Unable to find an exact match for CDP version 125, returning the closest version; found: 123; Please update to a Selenium version that supports CDP version 125
]]></system-err>
  </testcase>
  <testcase name="validateSideMenuBarTest" classname="com.qa.testcases.HomePageTest" time="0.824">
    <system-out><![CDATA[***************Login Successful*****************
****************************Logged Out*****************************
]]></system-out>
    <system-err><![CDATA[Jun 05, 2024 10:52:59 PM org.openqa.selenium.devtools.CdpVersionFinder findNearestMatch
WARNING: Unable to find an exact match for CDP version 125, returning the closest version; found: 123; Please update to a Selenium version that supports CDP version 125
]]></system-err>
  </testcase>
  <testcase name="validateAddToCartTest" classname="com.qa.testcases.HomePageTest" time="0.509">
    <system-out><![CDATA[***************Login Successful*****************
Added Product to Cart --> Sauce Labs Backpack
Total number of products in cart : 1
Added Product to Cart --> Sauce Labs Bike Light
Total number of products in cart : 2
Added Product to Cart --> Sauce Labs Bolt T-Shirt
Total number of products in cart : 3
Added Product to Cart --> Sauce Labs Fleece Jacket
Total number of products in cart : 4
Added Product to Cart --> Sauce Labs Onesie
Total number of products in cart : 5
***************Products added to Cart*****************
]]></system-out>
    <system-err><![CDATA[Jun 05, 2024 10:53:02 PM org.openqa.selenium.devtools.CdpVersionFinder findNearestMatch
WARNING: Unable to find an exact match for CDP version 125, returning the closest version; found: 123; Please update to a Selenium version that supports CDP version 125
]]></system-err>
  </testcase>
  <testcase name="validateLoginPageTitleTest" classname="com.qa.testcases.LoginPageTest" time="0.008">
    <system-err><![CDATA[Jun 05, 2024 10:53:05 PM org.openqa.selenium.devtools.CdpVersionFinder findNearestMatch
WARNING: Unable to find an exact match for CDP version 125, returning the closest version; found: 123; Please update to a Selenium version that supports CDP version 125
]]></system-err>
  </testcase>
  <testcase name="validateloginLogoTest" classname="com.qa.testcases.LoginPageTest" time="0.027">
    <system-err><![CDATA[Jun 05, 2024 10:53:07 PM org.openqa.selenium.devtools.CdpVersionFinder findNearestMatch
WARNING: Unable to find an exact match for CDP version 125, returning the closest version; found: 123; Please update to a Selenium version that supports CDP version 125
]]></system-err>
  </testcase>
  <testcase name="validateLoginPageErrorTest" classname="com.qa.testcases.LoginPageTest" time="0.146">
    <system-err><![CDATA[Jun 05, 2024 10:53:09 PM org.openqa.selenium.devtools.CdpVersionFinder findNearestMatch
WARNING: Unable to find an exact match for CDP version 125, returning the closest version; found: 123; Please update to a Selenium version that supports CDP version 125
]]></system-err>
  </testcase>
  <testcase name="validateLoginTest" classname="com.qa.testcases.LoginPageTest" time="0.461">
    <system-out><![CDATA[***************Login Successful*****************
]]></system-out>
    <system-err><![CDATA[Jun 05, 2024 10:53:11 PM org.openqa.selenium.devtools.CdpVersionFinder findNearestMatch
WARNING: Unable to find an exact match for CDP version 125, returning the closest version; found: 123; Please update to a Selenium version that supports CDP version 125
]]></system-err>
  </testcase>
  <testcase name="validateLoginTest[standard-user, secret_sauce](1)" classname="com.qa.testcases.LoginPageTest" time="0.395">
    <system-out><![CDATA[***************Login Successful*****************
]]></system-out>
    <system-err><![CDATA[Jun 05, 2024 10:53:13 PM org.openqa.selenium.devtools.CdpVersionFinder findNearestMatch
WARNING: Unable to find an exact match for CDP version 125, returning the closest version; found: 123; Please update to a Selenium version that supports CDP version 125
]]></system-err>
  </testcase>
  <testcase name="validateLoginTest[locked_out_user, secret_sauce](2)" classname="com.qa.testcases.LoginPageTest" time="0.382">
    <system-out><![CDATA[***************Login Successful*****************
]]></system-out>
    <system-err><![CDATA[Jun 05, 2024 10:53:15 PM org.openqa.selenium.devtools.CdpVersionFinder findNearestMatch
WARNING: Unable to find an exact match for CDP version 125, returning the closest version; found: 123; Please update to a Selenium version that supports CDP version 125
]]></system-err>
  </testcase>
  <testcase name="validateLoginTest[problem_user, secret_sauce](3)" classname="com.qa.testcases.LoginPageTest" time="0.448">
    <system-out><![CDATA[***************Login Successful*****************
]]></system-out>
    <system-err><![CDATA[Jun 05, 2024 10:53:18 PM org.openqa.selenium.devtools.CdpVersionFinder findNearestMatch
WARNING: Unable to find an exact match for CDP version 125, returning the closest version; found: 123; Please update to a Selenium version that supports CDP version 125
]]></system-err>
  </testcase>
  <testcase name="validateLoginTest[performance_glitch_user, secret_sauce](4)" classname="com.qa.testcases.LoginPageTest" time="5.471">
    <system-out><![CDATA[***************Login Successful*****************
]]></system-out>
    <system-err><![CDATA[Jun 05, 2024 10:53:20 PM org.openqa.selenium.devtools.CdpVersionFinder findNearestMatch
WARNING: Unable to find an exact match for CDP version 125, returning the closest version; found: 123; Please update to a Selenium version that supports CDP version 125
]]></system-err>
  </testcase>
  <testcase name="validateLoginTest[error_user, secret_sauce](5)" classname="com.qa.testcases.LoginPageTest" time="0.453">
    <system-out><![CDATA[***************Login Successful*****************
]]></system-out>
    <system-err><![CDATA[Jun 05, 2024 10:53:27 PM org.openqa.selenium.devtools.CdpVersionFinder findNearestMatch
WARNING: Unable to find an exact match for CDP version 125, returning the closest version; found: 123; Please update to a Selenium version that supports CDP version 125
]]></system-err>
  </testcase>
  <testcase name="validateLoginTest[visual_user, secret_sauce](6)" classname="com.qa.testcases.LoginPageTest" time="0.392">
    <system-out><![CDATA[***************Login Successful*****************
]]></system-out>
    <system-err><![CDATA[Jun 05, 2024 10:53:29 PM org.openqa.selenium.devtools.CdpVersionFinder findNearestMatch
WARNING: Unable to find an exact match for CDP version 125, returning the closest version; found: 123; Please update to a Selenium version that supports CDP version 125
]]></system-err>
  </testcase>
  <testcase name="validateOrderCompletePageTitleTest" classname="com.qa.testcases.OrderCompletePageTest" time="0.026">
    <system-out><![CDATA[***************Login Successful*****************
Added Product to Cart --> Sauce Labs Backpack
Total number of products in cart : 1
Added Product to Cart --> Sauce Labs Bike Light
Total number of products in cart : 2
Added Product to Cart --> Sauce Labs Bolt T-Shirt
Total number of products in cart : 3
Added Product to Cart --> Sauce Labs Fleece Jacket
Total number of products in cart : 4
Added Product to Cart --> Sauce Labs Onesie
Total number of products in cart : 5
***************Products added to Cart*****************
***************Shipping Details Submitted*****************
***************Confirm Order*****************
]]></system-out>
    <system-err><![CDATA[Jun 05, 2024 10:53:31 PM org.openqa.selenium.devtools.CdpVersionFinder findNearestMatch
WARNING: Unable to find an exact match for CDP version 125, returning the closest version; found: 123; Please update to a Selenium version that supports CDP version 125
]]></system-err>
  </testcase>
  <testcase name="validateOrderCompletePageLogoTest" classname="com.qa.testcases.OrderCompletePageTest" time="0.041">
    <system-out><![CDATA[***************Login Successful*****************
Added Product to Cart --> Sauce Labs Backpack
Total number of products in cart : 1
Added Product to Cart --> Sauce Labs Bike Light
Total number of products in cart : 2
Added Product to Cart --> Sauce Labs Bolt T-Shirt
Total number of products in cart : 3
Added Product to Cart --> Sauce Labs Fleece Jacket
Total number of products in cart : 4
Added Product to Cart --> Sauce Labs Onesie
Total number of products in cart : 5
***************Products added to Cart*****************
***************Shipping Details Submitted*****************
***************Confirm Order*****************
]]></system-out>
    <system-err><![CDATA[Jun 05, 2024 10:53:35 PM org.openqa.selenium.devtools.CdpVersionFinder findNearestMatch
WARNING: Unable to find an exact match for CDP version 125, returning the closest version; found: 123; Please update to a Selenium version that supports CDP version 125
]]></system-err>
  </testcase>
  <testcase name="validateOrderCompletePageordersuccessfulMessageTest" classname="com.qa.testcases.OrderCompletePageTest" time="0.22">
    <system-out><![CDATA[***************Login Successful*****************
Added Product to Cart --> Sauce Labs Backpack
Total number of products in cart : 1
Added Product to Cart --> Sauce Labs Bike Light
Total number of products in cart : 2
Added Product to Cart --> Sauce Labs Bolt T-Shirt
Total number of products in cart : 3
Added Product to Cart --> Sauce Labs Fleece Jacket
Total number of products in cart : 4
Added Product to Cart --> Sauce Labs Onesie
Total number of products in cart : 5
***************Products added to Cart*****************
***************Shipping Details Submitted*****************
***************Confirm Order*****************
***************Thank You !! Order Placed*****************
]]></system-out>
    <system-err><![CDATA[Jun 05, 2024 10:53:39 PM org.openqa.selenium.devtools.CdpVersionFinder findNearestMatch
WARNING: Unable to find an exact match for CDP version 125, returning the closest version; found: 123; Please update to a Selenium version that supports CDP version 125
]]></system-err>
  </testcase>
  <testcase name="validateOrderCompletePageMessageTest" classname="com.qa.testcases.OrderCompletePageTest" time="0.032">
    <system-out><![CDATA[***************Login Successful*****************
Added Product to Cart --> Sauce Labs Backpack
Total number of products in cart : 1
Added Product to Cart --> Sauce Labs Bike Light
Total number of products in cart : 2
Added Product to Cart --> Sauce Labs Bolt T-Shirt
Total number of products in cart : 3
Added Product to Cart --> Sauce Labs Fleece Jacket
Total number of products in cart : 4
Added Product to Cart --> Sauce Labs Onesie
Total number of products in cart : 5
***************Products added to Cart*****************
***************Shipping Details Submitted*****************
***************Confirm Order*****************
********************Your order has been dispatched, and will arrive just as fast as the pony can get there!*******************
]]></system-out>
    <system-err><![CDATA[Jun 05, 2024 10:53:43 PM org.openqa.selenium.devtools.CdpVersionFinder findNearestMatch
WARNING: Unable to find an exact match for CDP version 125, returning the closest version; found: 123; Please update to a Selenium version that supports CDP version 125
]]></system-err>
  </testcase>
  <testcase name="validateOrderCompletePagebackToProductsBtnTest" classname="com.qa.testcases.OrderCompletePageTest" time="0.078">
    <system-out><![CDATA[***************Login Successful*****************
Added Product to Cart --> Sauce Labs Backpack
Total number of products in cart : 1
Added Product to Cart --> Sauce Labs Bike Light
Total number of products in cart : 2
Added Product to Cart --> Sauce Labs Bolt T-Shirt
Total number of products in cart : 3
Added Product to Cart --> Sauce Labs Fleece Jacket
Total number of products in cart : 4
Added Product to Cart --> Sauce Labs Onesie
Total number of products in cart : 5
***************Products added to Cart*****************
***************Shipping Details Submitted*****************
***************Confirm Order*****************
]]></system-out>
    <system-err><![CDATA[Jun 05, 2024 10:53:46 PM org.openqa.selenium.devtools.CdpVersionFinder findNearestMatch
WARNING: Unable to find an exact match for CDP version 125, returning the closest version; found: 123; Please update to a Selenium version that supports CDP version 125
]]></system-err>
  </testcase>
  <testcase name="validateOrderConfirmationPageTitleTest" classname="com.qa.testcases.OrderConfirmationPageTest" time="0.039">
    <system-out><![CDATA[***************Login Successful*****************
Added Product to Cart --> Sauce Labs Backpack
Total number of products in cart : 1
Added Product to Cart --> Sauce Labs Bike Light
Total number of products in cart : 2
Added Product to Cart --> Sauce Labs Bolt T-Shirt
Total number of products in cart : 3
Added Product to Cart --> Sauce Labs Fleece Jacket
Total number of products in cart : 4
Added Product to Cart --> Sauce Labs Onesie
Total number of products in cart : 5
***************Products added to Cart*****************
***************Shipping Details Submitted*****************
]]></system-out>
    <system-err><![CDATA[Jun 05, 2024 10:53:50 PM org.openqa.selenium.devtools.CdpVersionFinder findNearestMatch
WARNING: Unable to find an exact match for CDP version 125, returning the closest version; found: 123; Please update to a Selenium version that supports CDP version 125
]]></system-err>
  </testcase>
  <testcase name="validateOrderConfirmationPagecancelBtnTest" classname="com.qa.testcases.OrderConfirmationPageTest" time="0.097">
    <system-out><![CDATA[***************Login Successful*****************
Added Product to Cart --> Sauce Labs Backpack
Total number of products in cart : 1
Added Product to Cart --> Sauce Labs Bike Light
Total number of products in cart : 2
Added Product to Cart --> Sauce Labs Bolt T-Shirt
Total number of products in cart : 3
Added Product to Cart --> Sauce Labs Fleece Jacket
Total number of products in cart : 4
Added Product to Cart --> Sauce Labs Onesie
Total number of products in cart : 5
***************Products added to Cart*****************
***************Shipping Details Submitted*****************
]]></system-out>
    <system-err><![CDATA[Jun 05, 2024 10:53:54 PM org.openqa.selenium.devtools.CdpVersionFinder findNearestMatch
WARNING: Unable to find an exact match for CDP version 125, returning the closest version; found: 123; Please update to a Selenium version that supports CDP version 125
]]></system-err>
  </testcase>
  <testcase name="validateOrderConfirmationPagefinishBtnTest" classname="com.qa.testcases.OrderConfirmationPageTest" time="0.105">
    <system-out><![CDATA[***************Login Successful*****************
Added Product to Cart --> Sauce Labs Backpack
Total number of products in cart : 1
Added Product to Cart --> Sauce Labs Bike Light
Total number of products in cart : 2
Added Product to Cart --> Sauce Labs Bolt T-Shirt
Total number of products in cart : 3
Added Product to Cart --> Sauce Labs Fleece Jacket
Total number of products in cart : 4
Added Product to Cart --> Sauce Labs Onesie
Total number of products in cart : 5
***************Products added to Cart*****************
***************Shipping Details Submitted*****************
***************Confirm Order*****************
]]></system-out>
    <system-err><![CDATA[Jun 05, 2024 10:53:57 PM org.openqa.selenium.devtools.CdpVersionFinder findNearestMatch
WARNING: Unable to find an exact match for CDP version 125, returning the closest version; found: 123; Please update to a Selenium version that supports CDP version 125
]]></system-err>
  </testcase>
</testsuite>