<?xml version="1.0" encoding="UTF-8"?>
<!-- Generated by org.testng.reporters.JUnitReportReporter -->
<testsuite hostname="DESKTOP-HK2JNRF" failures="0" tests="1" name="com.qa.ExtentReportListener.ExtentReportListener" time="0.655" errors="0" timestamp="2024-06-02T22:48:28 IST" skipped="0">
  <testcase classname="com.qa.ExtentReportListener.ExtentReportListener" name="extentTest" time="0.655"/>
</testsuite> <!-- com.qa.ExtentReportListener.ExtentReportListener -->
