<?xml version="1.0" encoding="UTF-8"?>
<!-- Generated by org.testng.reporters.JUnitReportReporter -->
<testsuite hostname="DESKTOP-HK2JNRF" failures="0" tests="5" name="com.qa.testcases.OrderCompletePageTest" time="16.143" errors="0" timestamp="2024-07-02T22:58:01 IST" skipped="0">
  <testcase classname="com.qa.testcases.OrderCompletePageTest" name="validateOrderCompletePageTitleTest" time="3.394"/>
  <testcase classname="com.qa.testcases.OrderCompletePageTest" name="validateOrderCompletePageLogoTest" time="3.202"/>
  <testcase classname="com.qa.testcases.OrderCompletePageTest" name="validateOrderCompletePageordersuccessfulMessageTest" time="3.215"/>
  <testcase classname="com.qa.testcases.OrderCompletePageTest" name="validateOrderCompletePageMessageTest" time="3.053"/>
  <testcase classname="com.qa.testcases.OrderCompletePageTest" name="validateOrderCompletePagebackToProductsBtnTest" time="3.279"/>
</testsuite> <!-- com.qa.testcases.OrderCompletePageTest -->
