<?xml version="1.0" encoding="UTF-8"?>
<!-- Generated by org.testng.reporters.JUnitReportReporter -->
<testsuite hostname="DESKTOP-HK2JNRF" failures="0" tests="10" name="com.qa.testcases.LoginPageTest" time="26.437" errors="0" timestamp="2024-07-02T22:58:01 IST" skipped="0">
  <testcase classname="com.qa.testcases.LoginPageTest" name="validateLoginPageTitleTest" time="1.614"/>
  <testcase classname="com.qa.testcases.LoginPageTest" name="validateloginLogoTest" time="1.326"/>
  <testcase classname="com.qa.testcases.LoginPageTest" name="validateLoginPageErrorTest" time="1.901"/>
  <testcase classname="com.qa.testcases.LoginPageTest" name="validateLoginTest" time="2.210"/>
  <testcase classname="com.qa.testcases.LoginPageTest" name="validateLoginTest" time="2.038"/>
  <testcase classname="com.qa.testcases.LoginPageTest" name="validateLoginTest" time="2.347"/>
  <testcase classname="com.qa.testcases.LoginPageTest" name="validateLoginTest" time="2.282"/>
  <testcase classname="com.qa.testcases.LoginPageTest" name="validateLoginTest" time="2.105"/>
  <testcase classname="com.qa.testcases.LoginPageTest" name="validateLoginTest" time="2.420"/>
  <testcase classname="com.qa.testcases.LoginPageTest" name="validateLoginTest" time="8.194"/>
</testsuite> <!-- com.qa.testcases.LoginPageTest -->
