<?xml version="1.0" encoding="UTF-8"?>
<!-- Generated by org.testng.reporters.JUnitReportReporter -->
<testsuite hostname="DESKTOP-HK2JNRF" failures="0" tests="3" name="com.qa.testcases.OrderConfirmationPageTest" time="9.556" errors="0" timestamp="2024-07-02T22:58:01 IST" skipped="0">
  <testcase classname="com.qa.testcases.OrderConfirmationPageTest" name="validateOrderConfirmationPageTitleTest" time="3.139"/>
  <testcase classname="com.qa.testcases.OrderConfirmationPageTest" name="validateOrderConfirmationPagecancelBtnTest" time="3.276"/>
  <testcase classname="com.qa.testcases.OrderConfirmationPageTest" name="validateOrderConfirmationPagefinishBtnTest" time="3.141"/>
</testsuite> <!-- com.qa.testcases.OrderConfirmationPageTest -->
