<?xml version="1.0" encoding="UTF-8"?>
<!-- Generated by org.testng.reporters.JUnitReportReporter -->
<testsuite hostname="DESKTOP-HK2JNRF" failures="0" tests="7" name="com.qa.testcases.HomePageTest" time="16.502" errors="0" timestamp="2024-07-02T22:58:01 IST" skipped="0">
  <testcase classname="com.qa.testcases.HomePageTest" name="validateHomePageLogoTest" time="2.175"/>
  <testcase classname="com.qa.testcases.HomePageTest" name="validateHomePageTotalProductsTest" time="2.187"/>
  <testcase classname="com.qa.testcases.HomePageTest" name="validateShoppingCartIconTest" time="2.149"/>
  <testcase classname="com.qa.testcases.HomePageTest" name="validateProductsNamesTest" time="2.188"/>
  <testcase classname="com.qa.testcases.HomePageTest" name="validateFilterDropdownTest" time="2.389"/>
  <testcase classname="com.qa.testcases.HomePageTest" name="validateSideMenuBarTest" time="2.762"/>
  <testcase classname="com.qa.testcases.HomePageTest" name="validateAddToCartTest" time="2.652"/>
</testsuite> <!-- com.qa.testcases.HomePageTest -->
