<?xml version="1.0" encoding="UTF-8"?>
<!-- Generated by org.testng.reporters.JUnitReportReporter -->
<testsuite hostname="DESKTOP-HK2JNRF" failures="0" tests="3" name="com.qa.testcases.MainPageTest" time="31.224" errors="0" timestamp="2024-05-27T15:29:18 IST" skipped="0">
  <testcase classname="com.qa.testcases.MainPageTest" name="validateMainPageTitleTest" time="6.434"/>
  <testcase classname="com.qa.testcases.MainPageTest" name="validateMainPageLogoTest" time="9.037"/>
  <testcase classname="com.qa.testcases.MainPageTest" name="validateMainPageLoginBtnTest" time="15.753"/>
</testsuite> <!-- com.qa.testcases.MainPageTest -->
