<?xml version="1.0" encoding="UTF-8"?>
<!-- Generated by org.testng.reporters.JUnitReportReporter -->
<testsuite hostname="DESKTOP-HK2JNRF" failures="0" tests="7" name="com.qa.testcases.CheckOutPageTest" time="21.994" errors="0" timestamp="2024-07-02T22:58:01 IST" skipped="0">
  <testcase classname="com.qa.testcases.CheckOutPageTest" name="checkOutPageTitleTest" time="2.829"/>
  <testcase classname="com.qa.testcases.CheckOutPageTest" name="validatecheckOutcancelBtnTest" time="2.771"/>
  <testcase classname="com.qa.testcases.CheckOutPageTest" name="validatcheckOutDetailTest" time="3.472"/>
  <testcase classname="com.qa.testcases.CheckOutPageTest" name="validatcheckOutDetailsTest" time="3.165"/>
  <testcase classname="com.qa.testcases.CheckOutPageTest" name="validatcheckOutDetailsTest" time="3.107"/>
  <testcase classname="com.qa.testcases.CheckOutPageTest" name="validatcheckOutDetailsTest" time="3.320"/>
  <testcase classname="com.qa.testcases.CheckOutPageTest" name="validatcheckOutDetailsTest" time="3.330"/>
</testsuite> <!-- com.qa.testcases.CheckOutPageTest -->
