<?xml version="1.0" encoding="UTF-8"?>
<!-- Generated by org.testng.reporters.JUnitReportReporter -->
<testsuite hostname="DESKTOP-HK2JNRF" failures="0" tests="3" name="com.qa.testcases.CartPageTest" time="8.715" errors="0" timestamp="2024-07-02T22:58:01 IST" skipped="0">
  <testcase classname="com.qa.testcases.CartPageTest" name="validatecartTitleTest" time="2.803"/>
  <testcase classname="com.qa.testcases.CartPageTest" name="validatecontinueShoppingbtnTest" time="2.844"/>
  <testcase classname="com.qa.testcases.CartPageTest" name="validateremovebtnTest" time="3.068"/>
</testsuite> <!-- com.qa.testcases.CartPageTest -->
