<?xml version="1.0" encoding="UTF-8"?>
<!-- Generated by org.testng.reporters.JUnitReportReporter -->
<testsuite hostname="DESKTOP-HK2JNRF" failures="0" tests="3" name="com.qa.testcases.CartPageTest" time="10.805" errors="0" timestamp="2024-06-05T22:54:00 IST" skipped="0">
  <testcase classname="com.qa.testcases.CartPageTest" name="validatecartTitleTest" time="2.917"/>
  <testcase classname="com.qa.testcases.CartPageTest" name="validatecontinueShoppingbtnTest" time="3.408"/>
  <testcase classname="com.qa.testcases.CartPageTest" name="validateremovebtnTest" time="4.480"/>
</testsuite> <!-- com.qa.testcases.CartPageTest -->
