<?xml version="1.0" encoding="UTF-8"?>
<!-- Generated by org.testng.reporters.JUnitReportReporter -->
<testsuite hostname="DESKTOP-HK2JNRF" failures="0" tests="7" name="com.qa.testcases.HomePageTest" time="17.330" errors="0" timestamp="2024-06-05T22:54:00 IST" skipped="0">
  <testcase classname="com.qa.testcases.HomePageTest" name="validateHomePageLogoTest" time="2.330"/>
  <testcase classname="com.qa.testcases.HomePageTest" name="validateHomePageTotalProductsTest" time="2.313"/>
  <testcase classname="com.qa.testcases.HomePageTest" name="validateShoppingCartIconTest" time="2.379"/>
  <testcase classname="com.qa.testcases.HomePageTest" name="validateProductsNamesTest" time="2.204"/>
  <testcase classname="com.qa.testcases.HomePageTest" name="validateFilterDropdownTest" time="2.232"/>
  <testcase classname="com.qa.testcases.HomePageTest" name="validateSideMenuBarTest" time="3.056"/>
  <testcase classname="com.qa.testcases.HomePageTest" name="validateAddToCartTest" time="2.816"/>
</testsuite> <!-- com.qa.testcases.HomePageTest -->
