<?xml version="1.0" encoding="UTF-8"?>
<!-- Generated by org.testng.reporters.JUnitReportReporter -->
<testsuite hostname="DESKTOP-HK2JNRF" failures="0" tests="10" name="com.qa.testcases.LoginPageTest" time="26.104" errors="0" timestamp="2024-06-05T22:54:00 IST" skipped="0">
  <testcase classname="com.qa.testcases.LoginPageTest" name="validateLoginPageTitleTest" time="1.819"/>
  <testcase classname="com.qa.testcases.LoginPageTest" name="validateloginLogoTest" time="1.805"/>
  <testcase classname="com.qa.testcases.LoginPageTest" name="validateLoginPageErrorTest" time="1.955"/>
  <testcase classname="com.qa.testcases.LoginPageTest" name="validateLoginTest" time="2.699"/>
  <testcase classname="com.qa.testcases.LoginPageTest" name="validateLoginTest" time="2.023"/>
  <testcase classname="com.qa.testcases.LoginPageTest" name="validateLoginTest" time="7.157"/>
  <testcase classname="com.qa.testcases.LoginPageTest" name="validateLoginTest" time="2.339"/>
  <testcase classname="com.qa.testcases.LoginPageTest" name="validateLoginTest" time="2.094"/>
  <testcase classname="com.qa.testcases.LoginPageTest" name="validateLoginTest" time="2.142"/>
  <testcase classname="com.qa.testcases.LoginPageTest" name="validateLoginTest" time="2.071"/>
</testsuite> <!-- com.qa.testcases.LoginPageTest -->
