<?xml version="1.0" encoding="UTF-8"?>
<!-- Generated by org.testng.reporters.JUnitReportReporter -->
<testsuite hostname="DESKTOP-HK2JNRF" failures="0" tests="3" name="com.qa.testcases.OrderConfirmationPageTest" time="10.950" errors="0" timestamp="2024-06-05T22:54:00 IST" skipped="0">
  <testcase classname="com.qa.testcases.OrderConfirmationPageTest" name="validateOrderConfirmationPageTitleTest" time="3.225"/>
  <testcase classname="com.qa.testcases.OrderConfirmationPageTest" name="validateOrderConfirmationPagecancelBtnTest" time="3.679"/>
  <testcase classname="com.qa.testcases.OrderConfirmationPageTest" name="validateOrderConfirmationPagefinishBtnTest" time="4.046"/>
</testsuite> <!-- com.qa.testcases.OrderConfirmationPageTest -->
