<?xml version="1.0" encoding="UTF-8"?>
<!-- Generated by org.testng.reporters.JUnitReportReporter -->
<testsuite hostname="DESKTOP-HK2JNRF" failures="0" tests="5" name="com.qa.testcases.OrderCompletePageTest" time="18.757" errors="0" timestamp="2024-06-05T22:54:00 IST" skipped="0">
  <testcase classname="com.qa.testcases.OrderCompletePageTest" name="validateOrderCompletePageTitleTest" time="3.788"/>
  <testcase classname="com.qa.testcases.OrderCompletePageTest" name="validateOrderCompletePageLogoTest" time="3.718"/>
  <testcase classname="com.qa.testcases.OrderCompletePageTest" name="validateOrderCompletePageordersuccessfulMessageTest" time="3.860"/>
  <testcase classname="com.qa.testcases.OrderCompletePageTest" name="validateOrderCompletePageMessageTest" time="3.626"/>
  <testcase classname="com.qa.testcases.OrderCompletePageTest" name="validateOrderCompletePagebackToProductsBtnTest" time="3.765"/>
</testsuite> <!-- com.qa.testcases.OrderCompletePageTest -->
